#
# There is insufficient memory for the Java Runtime Environment to continue.
# Native memory allocation (malloc) failed to allocate 1048576 bytes for AllocateHeap
# Possible reasons:
#   The system is out of physical RAM or swap space
#   The process is running with CompressedOops enabled, and the Java Heap may be blocking the growth of the native heap
# Possible solutions:
#   Reduce memory load on the system
#   Increase physical memory or swap space
#   Check if swap backing store is full
#   Decrease Java heap size (-Xmx/-Xms)
#   Decrease number of Java threads
#   Decrease Java thread stack sizes (-Xss)
#   Set larger code cache with -XX:ReservedCodeCacheSize=
#   JVM is running with Unscaled Compressed Oops mode in which the Java heap is
#     placed in the first 4GB address space. The Java Heap base address is the
#     maximum limit for the native heap growth. Please use -XX:HeapBaseMinAddress
#     to set the Java Heap base and to place the Java Heap above 4GB virtual address.
# This output file may be truncated or incomplete.
#
#  Out of Memory Error (src/hotspot/share/memory/allocation.cpp:46), pid=16904, tid=13800
#
# JRE version:  (11.0.15) (build )
# Java VM: OpenJDK 64-Bit Server VM (11.0.15+0-b2043.56-9505619, mixed mode, sharing, tiered, compressed oops, g1 gc, windows-amd64)
# No core dump will be written. Minidumps are not enabled by default on client versions of Windows
#

---------------  S U M M A R Y ------------

Command Line: git4idea.http.GitAskPassApp Username for 'https://github.com': 

Host: Intel(R) Core(TM) i5-8250U CPU @ 1.60GHz, 8 cores, 7G,  Windows 10 , 64 bit Build 19041 (10.0.19041.2913)
Time: Wed May 17 21:51:26 2023  Windows 10 , 64 bit Build 19041 (10.0.19041.2913) elapsed time: 0.033657 seconds (0d 0h 0m 0s)

---------------  T H R E A D  ---------------

Current thread (0x00000207d0be4000):  JavaThread "Unknown thread" [_thread_in_vm, id=13800, stack(0x000000f170000000,0x000000f170100000)]

Stack: [0x000000f170000000,0x000000f170100000]
Native frames: (J=compiled Java code, j=interpreted, Vv=VM code, C=native code)
V  [jvm.dll+0x64135a]
V  [jvm.dll+0x7d39f9]
V  [jvm.dll+0x7d51b9]
V  [jvm.dll+0x7d58a3]
V  [jvm.dll+0x2691c5]
V  [jvm.dll+0xb8874]
V  [jvm.dll+0x2fa4f8]
V  [jvm.dll+0x7accc7]
V  [jvm.dll+0x7ae49f]
V  [jvm.dll+0x37d299]
V  [jvm.dll+0x78ef9f]
V  [jvm.dll+0x3ec847]
V  [jvm.dll+0x3eed31]
C  [jli.dll+0x52cb]
C  [ucrtbase.dll+0x21bb2]
C  [KERNEL32.DLL+0x17614]
C  [ntdll.dll+0x526a1]


---------------  P R O C E S S  ---------------

Threads class SMR info:
_java_thread_list=0x00000207cea02b90, length=0, elements={
}

Java Threads: ( => current thread )

Other Threads:

=>0x00000207d0be4000 (exited) JavaThread "Unknown thread" [_thread_in_vm, id=13800, stack(0x000000f170000000,0x000000f170100000)]

Threads with active compile tasks:

VM state:not at safepoint (not fully initialized)

VM Mutex/Monitor currently owned by a thread: None


[error occurred during error reporting (printing compressed oops mode), id 0xc0000005, EXCEPTION_ACCESS_VIOLATION (0xc0000005) at pc=0x00007ffa91b5dab7]

GC Heap History (0 events):
No events

Deoptimization events (0 events):
No events

Classes redefined (0 events):
No events

Internal exceptions (0 events):
No events

Events (1 events):
Event: 0.026 Loaded shared library C:\Program Files\Android\Android Studio\jbr\bin\zip.dll


Dynamic libraries:
0x00007ff6d0df0000 - 0x00007ff6d0dfa000 	C:\Program Files\Android\Android Studio\jbr\bin\java.exe
0x00007ffad2830000 - 0x00007ffad2a28000 	C:\WINDOWS\SYSTEM32\ntdll.dll
0x00007ffad1a80000 - 0x00007ffad1b3f000 	C:\WINDOWS\System32\KERNEL32.DLL
0x00007ffad0110000 - 0x00007ffad0406000 	C:\WINDOWS\System32\KERNELBASE.dll
0x00007ffad0790000 - 0x00007ffad0890000 	C:\WINDOWS\System32\ucrtbase.dll
0x00007ffac5b50000 - 0x00007ffac5b67000 	C:\Program Files\Android\Android Studio\jbr\bin\jli.dll
0x00007ffac5b70000 - 0x00007ffac5b8b000 	C:\Program Files\Android\Android Studio\jbr\bin\VCRUNTIME140.dll
0x00007ffad18e0000 - 0x00007ffad1a7d000 	C:\WINDOWS\System32\USER32.dll
0x00007ffacff10000 - 0x00007ffacff32000 	C:\WINDOWS\System32\win32u.dll
0x00007ffad0960000 - 0x00007ffad098c000 	C:\WINDOWS\System32\GDI32.dll
0x00007ffacff40000 - 0x00007ffad0055000 	C:\WINDOWS\System32\gdi32full.dll
0x00007ffad0410000 - 0x00007ffad04ad000 	C:\WINDOWS\System32\msvcp_win.dll
0x00007ffab8da0000 - 0x00007ffab903a000 	C:\WINDOWS\WinSxS\amd64_microsoft.windows.common-controls_6595b64144ccf1df_6.0.19041.1110_none_60b5254171f9507e\COMCTL32.dll
0x00007ffad0e80000 - 0x00007ffad0f1e000 	C:\WINDOWS\System32\msvcrt.dll
0x00007ffad0890000 - 0x00007ffad08c0000 	C:\WINDOWS\System32\IMM32.DLL
0x00007ffac59b0000 - 0x00007ffac59bc000 	C:\Program Files\Android\Android Studio\jbr\bin\vcruntime140_1.dll
0x00007ffac2810000 - 0x00007ffac289d000 	C:\Program Files\Android\Android Studio\jbr\bin\msvcp140.dll
0x00007ffa913b0000 - 0x00007ffa91f6c000 	C:\Program Files\Android\Android Studio\jbr\bin\server\jvm.dll
0x00007ffad0ad0000 - 0x00007ffad0b7f000 	C:\WINDOWS\System32\ADVAPI32.dll
0x00007ffad08c0000 - 0x00007ffad095c000 	C:\WINDOWS\System32\sechost.dll
0x00007ffad10a0000 - 0x00007ffad11c6000 	C:\WINDOWS\System32\RPCRT4.dll
0x00007ffad0b80000 - 0x00007ffad0b88000 	C:\WINDOWS\System32\PSAPI.DLL
0x00007ffab70c0000 - 0x00007ffab70c9000 	C:\WINDOWS\SYSTEM32\WSOCK32.dll
0x00007ffab8140000 - 0x00007ffab8167000 	C:\WINDOWS\SYSTEM32\WINMM.dll
0x00007ffac5ee0000 - 0x00007ffac5eea000 	C:\WINDOWS\SYSTEM32\VERSION.dll
0x00007ffad1030000 - 0x00007ffad109b000 	C:\WINDOWS\System32\WS2_32.dll
0x00007fface760000 - 0x00007fface772000 	C:\WINDOWS\SYSTEM32\kernel.appcore.dll
0x00007ffac5c70000 - 0x00007ffac5c80000 	C:\Program Files\Android\Android Studio\jbr\bin\verify.dll
0x00007ffacdb70000 - 0x00007ffacdd54000 	C:\WINDOWS\SYSTEM32\DBGHELP.DLL
0x00007ffab48e0000 - 0x00007ffab4914000 	C:\WINDOWS\SYSTEM32\dbgcore.DLL
0x00007ffad0530000 - 0x00007ffad05b2000 	C:\WINDOWS\System32\bcryptPrimitives.dll
0x00007ffac56c0000 - 0x00007ffac56e8000 	C:\Program Files\Android\Android Studio\jbr\bin\java.dll
0x00007ffac5be0000 - 0x00007ffac5bea000 	C:\Program Files\Android\Android Studio\jbr\bin\jimage.dll
0x00007ffac57e0000 - 0x00007ffac57f8000 	C:\Program Files\Android\Android Studio\jbr\bin\zip.dll

dbghelp: loaded successfully - version: 4.0.5 - missing functions: none
symbol engine: initialized successfully - sym options: 0x614 - pdb path: .;C:\Program Files\Android\Android Studio\jbr\bin;C:\WINDOWS\SYSTEM32;C:\WINDOWS\WinSxS\amd64_microsoft.windows.common-controls_6595b64144ccf1df_6.0.19041.1110_none_60b5254171f9507e;C:\Program Files\Android\Android Studio\jbr\bin\server

VM Arguments:
java_command: git4idea.http.GitAskPassApp Username for 'https://github.com': 
java_class_path (initial): C:/Program Files/Android/Android Studio/plugins/git4idea/lib/git4idea-rt.jar;C:/Program Files/Android/Android Studio/lib/externalProcess-rt.jar;C:/Program Files/Android/Android Studio/lib/app.jar;C:/Program Files/Android/Android Studio/lib/3rd-party-rt.jar
Launcher Type: SUN_STANDARD

[Global flags]
     intx CICompilerCount                          = 4                                         {product} {ergonomic}
     uint G1ConcRefinementThreads                  = 8                                         {product} {ergonomic}
   size_t G1HeapRegionSize                         = 1048576                                   {product} {ergonomic}
    uintx GCDrainStackTargetSize                   = 64                                        {product} {ergonomic}
   size_t InitialHeapSize                          = 134217728                                 {product} {ergonomic}
   size_t MaxHeapSize                              = 2126512128                                {product} {ergonomic}
   size_t MinHeapDeltaBytes                        = 1048576                                   {product} {ergonomic}
    uintx NonNMethodCodeHeapSize                   = 5836300                                {pd product} {ergonomic}
    uintx NonProfiledCodeHeapSize                  = 122910970                              {pd product} {ergonomic}
    uintx ProfiledCodeHeapSize                     = 122910970                              {pd product} {ergonomic}
    uintx ReservedCodeCacheSize                    = 251658240                              {pd product} {ergonomic}
     bool SegmentedCodeCache                       = true                                      {product} {ergonomic}
     bool UseCompressedClassPointers               = true                                 {lp64_product} {ergonomic}
     bool UseCompressedOops                        = true                                 {lp64_product} {ergonomic}
     bool UseG1GC                                  = true                                      {product} {ergonomic}
     bool UseLargePagesIndividualAllocation        = false                                  {pd product} {ergonomic}

Logging:
Log output configuration:
 #0: stdout all=warning uptime,level,tags
 #1: stderr all=off uptime,level,tags

Environment Variables:
JAVA_HOME=C:\Program Files\Java\jdk-11
CLASSPATH=C:\Program Files\Java\jdk-11\lib;.
PATH=C:\Program Files\Git\mingw64\libexec\git-core;C:\Program Files\Git\mingw64\libexec\git-core;C:\Program Files\Git\mingw64\bin;C:\Program Files\Git\usr\bin;C:\Users\user\bin;C:\Program Files\Java\jdk-11\bin;C:\Program Files (x86)\Common Files\Oracle\Java\javapath;C:\Program Files\Java\jdk-14\bi;C:\Program Files (x86)\Intel\iCLS Client\";C:\Program Files\Intel\iCLS Client;C:\WINDOWS\system32;C:\WINDOWS;C:\WINDOWS\System32\Wbem;C:\WINDOWS\System32\WindowsPowerShell\v1.0;C:\WINDOWS\System32\OpenSSH;C:\Program Files (x86)\Intel\Intel(R) Management Engine Components\DAL;C:\Program Files\Intel\Intel(R) Management Engine Components\DAL;C:\Program Files (x86)\Intel\Intel(R) Management Engine Components\IPT;C:\Program Files\Intel\Intel(R) Management Engine Components\IPT;C:\Program Files\Intel\WiFi\bin;C:\Program Files\Common Files\Intel\WirelessCommon;C:\Program Files\Git\cmd;C:\Users\user\OneDrive\바탕 화면\머신러닝\Scripts;C:\Users\user\OneDrive\바탕 화면\머신러닝;C:\Users\user\AppData\Local\Programs\Python\Python37\Scripts;C:\Users\user\AppData\Local\Programs\Python\Python37;C:\Users\user\AppData\Local\Microsoft\WindowsApps;C:\Program Files\Intel\WiFi\bin;C:\Program Files\Common Files\Intel\WirelessCommon;C:\Users\user\Desktop\웹프로그래밍\Microsoft VS Code\bin;C:\Program Files\JetBrains\PyCharm Community Edition 2021.2.2\bin;C:\Users\user\AppData\Local\Programs\Python\Python37\Scripts;C:\Users\user\AppData\Local\GitHubDesktop\bin;C:\oraclexe\app\oracle\product\11.2.0\server\bin
USERNAME=user
DISPLAY=:0.0
LC_ALL=en_US.UTF-8
OS=Windows_NT
PROCESSOR_IDENTIFIER=Intel64 Family 6 Model 142 Stepping 10, GenuineIntel



---------------  S Y S T E M  ---------------

OS: Windows 10 , 64 bit Build 19041 (10.0.19041.2913)
OS uptime: 3 days 1:48 hours

CPU:total 8 (initial active 8) (4 cores per cpu, 2 threads per core) family 6 model 142 stepping 10 microcode 0xb4, cmov, cx8, fxsr, mmx, sse, sse2, sse3, ssse3, sse4.1, sse4.2, popcnt, avx, avx2, aes, clmul, erms, 3dnowpref, lzcnt, ht, tsc, tscinvbit, bmi1, bmi2, adx, fma

Memory: 4k page, system-wide physical 8107M (390M free)
TotalPageFile size 21590M (AvailPageFile size 6M)
current process WorkingSet (physical memory assigned to process): 9M, peak: 9M
current process commit charge ("private bytes"): 17M, peak: 18M

vm_info: OpenJDK 64-Bit Server VM (11.0.15+0-b2043.56-9505619) for windows-amd64 JRE (11.0.15+0-b2043.56-9505619), built on Jan 19 2023 02:48:00 by "builduser" with unknown MS VC++:1929

END.
